<?xml version="1.0" encoding="UTF-8"?>
<coverage generated="1752470403432" clover="3.2.0">
  <project timestamp="1752470403433" name="All files">
    <metrics statements="26" coveredstatements="16" conditionals="10" coveredconditionals="0" methods="14" coveredmethods="4" elements="50" coveredelements="20" complexity="0" loc="26" ncloc="26" packages="2" files="5" classes="5"/>
    <package name="Components">
      <metrics statements="14" coveredstatements="11" conditionals="10" coveredconditionals="0" methods="8" coveredmethods="3"/>
      <file name="Contact.js" path="C:\A-Programming-course\react\React-now\.1-Projects\food-panda\src\Components\Contact.js">
        <metrics statements="3" coveredstatements="3" conditionals="0" coveredconditionals="0" methods="1" coveredmethods="1"/>
        <line num="16" count="1" type="stmt"/>
        <line num="17" count="3" type="stmt"/>
        <line num="18" count="3" type="stmt"/>
      </file>
      <file name="Header.js" path="C:\A-Programming-course\react\React-now\.1-Projects\food-panda\src\Components\Header.js">
        <metrics statements="9" coveredstatements="6" conditionals="10" coveredconditionals="0" methods="6" coveredmethods="1"/>
        <line num="7" count="1" type="stmt"/>
        <line num="8" count="3" type="stmt"/>
        <line num="9" count="2" type="stmt"/>
        <line num="10" count="2" type="stmt"/>
        <line num="12" count="2" type="stmt"/>
        <line num="15" count="2" type="stmt"/>
        <line num="17" count="0" type="stmt"/>
        <line num="29" count="0" type="stmt"/>
        <line num="63" count="0" type="cond" truecount="0" falsecount="2"/>
      </file>
      <file name="sum.js" path="C:\A-Programming-course\react\React-now\.1-Projects\food-panda\src\Components\sum.js">
        <metrics statements="2" coveredstatements="2" conditionals="0" coveredconditionals="0" methods="1" coveredmethods="1"/>
        <line num="1" count="1" type="stmt"/>
        <line num="2" count="1" type="stmt"/>
      </file>
    </package>
    <package name="utils">
      <metrics statements="12" coveredstatements="5" conditionals="0" coveredconditionals="0" methods="6" coveredmethods="1"/>
      <file name="UserContext.js" path="C:\A-Programming-course\react\React-now\.1-Projects\food-panda\src\utils\UserContext.js">
        <metrics statements="1" coveredstatements="1" conditionals="0" coveredconditionals="0" methods="1" coveredmethods="0"/>
        <line num="3" count="1" type="stmt"/>
      </file>
      <file name="useOnlineStatus.js" path="C:\A-Programming-course\react\React-now\.1-Projects\food-panda\src\utils\useOnlineStatus.js">
        <metrics statements="11" coveredstatements="4" conditionals="0" coveredconditionals="0" methods="5" coveredmethods="1"/>
        <line num="3" count="1" type="stmt"/>
        <line num="6" count="2" type="stmt"/>
        <line num="8" count="2" type="stmt"/>
        <line num="9" count="0" type="stmt"/>
        <line num="10" count="0" type="stmt"/>
        <line num="12" count="0" type="stmt"/>
        <line num="13" count="0" type="stmt"/>
        <line num="15" count="0" type="stmt"/>
        <line num="16" count="0" type="stmt"/>
        <line num="17" count="0" type="stmt"/>
        <line num="20" count="2" type="stmt"/>
      </file>
    </package>
  </project>
</coverage>
