{"C:\\A-Programming-course\\react\\React-now\\.1-Projects\\food-panda\\src\\Components\\Contact.js": {"path":"C:\\A-Programming-course\\react\\React-now\\.1-Projects\\food-panda\\src\\Components\\Contact.js","statementMap":{"0":{"start":{"line":16,"column":16},"end":{"line":29,"column":1}},"1":{"start":{"line":17,"column":2},"end":{"line":17,"column":39}},"2":{"start":{"line":18,"column":2},"end":{"line":28,"column":4}}},"fnMap":{"0":{"name":"(anonymous_0)","decl":{"start":{"line":16,"column":16},"end":{"line":16,"column":17}},"loc":{"start":{"line":16,"column":22},"end":{"line":29,"column":1}},"line":16}},"branchMap":{},"s":{"0":1,"1":3,"2":3},"f":{"0":3},"b":{},"_coverageSchema":"1a1c01bbd47fc00a2c39e90264f33305004495a9","hash":"9a6238ee37162d43a1627203cbc2269c8f43ec73"}
,"C:\\A-Programming-course\\react\\React-now\\.1-Projects\\food-panda\\src\\Components\\Header.js": {"path":"C:\\A-Programming-course\\react\\React-now\\.1-Projects\\food-panda\\src\\Components\\Header.js","statementMap":{"0":{"start":{"line":7,"column":15},"end":{"line":74,"column":1}},"1":{"start":{"line":8,"column":32},"end":{"line":8,"column":49}},"2":{"start":{"line":9,"column":34},"end":{"line":9,"column":49}},"3":{"start":{"line":10,"column":23},"end":{"line":10,"column":40}},"4":{"start":{"line":12,"column":27},"end":{"line":12,"column":50}},"5":{"start":{"line":15,"column":20},"end":{"line":15,"column":60}},"6":{"start":{"line":15,"column":43},"end":{"line":15,"column":59}},"7":{"start":{"line":17,"column":2},"end":{"line":73,"column":4}},"8":{"start":{"line":29,"column":23},"end":{"line":29,"column":51}},"9":{"start":{"line":29,"column":45},"end":{"line":29,"column":50}},"10":{"start":{"line":63,"column":16},"end":{"line":63,"column":77}},"11":{"start":{"line":63,"column":38},"end":{"line":63,"column":75}}},"fnMap":{"0":{"name":"(anonymous_0)","decl":{"start":{"line":7,"column":15},"end":{"line":7,"column":16}},"loc":{"start":{"line":7,"column":21},"end":{"line":74,"column":1}},"line":7},"1":{"name":"(anonymous_1)","decl":{"start":{"line":15,"column":32},"end":{"line":15,"column":33}},"loc":{"start":{"line":15,"column":43},"end":{"line":15,"column":59}},"line":15},"2":{"name":"(anonymous_2)","decl":{"start":{"line":29,"column":17},"end":{"line":29,"column":18}},"loc":{"start":{"line":29,"column":23},"end":{"line":29,"column":51}},"line":29},"3":{"name":"(anonymous_3)","decl":{"start":{"line":29,"column":35},"end":{"line":29,"column":36}},"loc":{"start":{"line":29,"column":45},"end":{"line":29,"column":50}},"line":29},"4":{"name":"(anonymous_4)","decl":{"start":{"line":62,"column":23},"end":{"line":62,"column":24}},"loc":{"start":{"line":63,"column":16},"end":{"line":63,"column":77}},"line":63},"5":{"name":"(anonymous_5)","decl":{"start":{"line":63,"column":27},"end":{"line":63,"column":28}},"loc":{"start":{"line":63,"column":38},"end":{"line":63,"column":75}},"line":63}},"branchMap":{"0":{"loc":{"start":{"line":30,"column":20},"end":{"line":30,"column":57}},"type":"cond-expr","locations":[{"start":{"line":30,"column":31},"end":{"line":30,"column":43}},{"start":{"line":30,"column":46},"end":{"line":30,"column":57}}],"line":30},"1":{"loc":{"start":{"line":32,"column":34},"end":{"line":32,"column":67}},"type":"cond-expr","locations":[{"start":{"line":32,"column":45},"end":{"line":32,"column":55}},{"start":{"line":32,"column":58},"end":{"line":32,"column":67}}],"line":32},"2":{"loc":{"start":{"line":35,"column":35},"end":{"line":35,"column":57}},"type":"cond-expr","locations":[{"start":{"line":35,"column":46},"end":{"line":35,"column":52}},{"start":{"line":35,"column":55},"end":{"line":35,"column":57}}],"line":35},"3":{"loc":{"start":{"line":37,"column":28},"end":{"line":37,"column":54}},"type":"cond-expr","locations":[{"start":{"line":37,"column":43},"end":{"line":37,"column":47}},{"start":{"line":37,"column":50},"end":{"line":37,"column":54}}],"line":37},"4":{"loc":{"start":{"line":63,"column":38},"end":{"line":63,"column":75}},"type":"cond-expr","locations":[{"start":{"line":63,"column":57},"end":{"line":63,"column":65}},{"start":{"line":63,"column":68},"end":{"line":63,"column":75}}],"line":63}},"s":{"0":1,"1":3,"2":2,"3":2,"4":2,"5":2,"6":0,"7":0,"8":0,"9":0,"10":0,"11":0},"f":{"0":3,"1":0,"2":0,"3":0,"4":0,"5":0},"b":{"0":[0,0],"1":[0,0],"2":[0,0],"3":[0,0],"4":[0,0]},"_coverageSchema":"1a1c01bbd47fc00a2c39e90264f33305004495a9","hash":"a1b03931110814d63555192cb00d52ff25e04d3a"}
,"C:\\A-Programming-course\\react\\React-now\\.1-Projects\\food-panda\\src\\Components\\sum.js": {"path":"C:\\A-Programming-course\\react\\React-now\\.1-Projects\\food-panda\\src\\Components\\sum.js","statementMap":{"0":{"start":{"line":1,"column":19},"end":{"line":3,"column":1}},"1":{"start":{"line":2,"column":4},"end":{"line":2,"column":17}}},"fnMap":{"0":{"name":"(anonymous_0)","decl":{"start":{"line":1,"column":19},"end":{"line":1,"column":20}},"loc":{"start":{"line":1,"column":30},"end":{"line":3,"column":1}},"line":1}},"branchMap":{},"s":{"0":1,"1":1},"f":{"0":1},"b":{},"_coverageSchema":"1a1c01bbd47fc00a2c39e90264f33305004495a9","hash":"0caafa0aeda4a40f8ae489fe521becf70762549e"}
,"C:\\A-Programming-course\\react\\React-now\\.1-Projects\\food-panda\\src\\utils\\UserContext.js": {"path":"C:\\A-Programming-course\\react\\React-now\\.1-Projects\\food-panda\\src\\utils\\UserContext.js","statementMap":{"0":{"start":{"line":3,"column":20},"end":{"line":6,"column":2}}},"fnMap":{"0":{"name":"(anonymous_0)","decl":{"start":{"line":5,"column":15},"end":{"line":5,"column":16}},"loc":{"start":{"line":5,"column":21},"end":{"line":5,"column":23}},"line":5}},"branchMap":{},"s":{"0":1},"f":{"0":0},"b":{},"_coverageSchema":"1a1c01bbd47fc00a2c39e90264f33305004495a9","hash":"4f845aec0dea8b3b8c644813b1798b3bd24bcf9f"}
,"C:\\A-Programming-course\\react\\React-now\\.1-Projects\\food-panda\\src\\utils\\useOnlineStatus.js": {"path":"C:\\A-Programming-course\\react\\React-now\\.1-Projects\\food-panda\\src\\utils\\useOnlineStatus.js","statementMap":{"0":{"start":{"line":3,"column":24},"end":{"line":22,"column":1}},"1":{"start":{"line":6,"column":43},"end":{"line":6,"column":57}},"2":{"start":{"line":8,"column":2},"end":{"line":19,"column":7}},"3":{"start":{"line":9,"column":25},"end":{"line":9,"column":53}},"4":{"start":{"line":9,"column":32},"end":{"line":9,"column":53}},"5":{"start":{"line":10,"column":26},"end":{"line":10,"column":54}},"6":{"start":{"line":10,"column":32},"end":{"line":10,"column":54}},"7":{"start":{"line":12,"column":4},"end":{"line":12,"column":53}},"8":{"start":{"line":13,"column":4},"end":{"line":13,"column":55}},"9":{"start":{"line":15,"column":4},"end":{"line":18,"column":3}},"10":{"start":{"line":16,"column":4},"end":{"line":16,"column":56}},"11":{"start":{"line":17,"column":4},"end":{"line":17,"column":58}},"12":{"start":{"line":20,"column":4},"end":{"line":20,"column":24}}},"fnMap":{"0":{"name":"(anonymous_0)","decl":{"start":{"line":3,"column":24},"end":{"line":3,"column":25}},"loc":{"start":{"line":3,"column":30},"end":{"line":22,"column":1}},"line":3},"1":{"name":"(anonymous_1)","decl":{"start":{"line":8,"column":12},"end":{"line":8,"column":13}},"loc":{"start":{"line":8,"column":18},"end":{"line":19,"column":1}},"line":8},"2":{"name":"(anonymous_2)","decl":{"start":{"line":9,"column":25},"end":{"line":9,"column":26}},"loc":{"start":{"line":9,"column":32},"end":{"line":9,"column":53}},"line":9},"3":{"name":"(anonymous_3)","decl":{"start":{"line":10,"column":26},"end":{"line":10,"column":27}},"loc":{"start":{"line":10,"column":32},"end":{"line":10,"column":54}},"line":10},"4":{"name":"(anonymous_4)","decl":{"start":{"line":15,"column":11},"end":{"line":15,"column":12}},"loc":{"start":{"line":15,"column":17},"end":{"line":18,"column":3}},"line":15}},"branchMap":{},"s":{"0":1,"1":2,"2":2,"3":0,"4":0,"5":0,"6":0,"7":0,"8":0,"9":0,"10":0,"11":0,"12":2},"f":{"0":2,"1":0,"2":0,"3":0,"4":0},"b":{},"_coverageSchema":"1a1c01bbd47fc00a2c39e90264f33305004495a9","hash":"a5dcb3515ae53125fa45b2fc2ecab14a62c97bdc"}
}
