{"C:\\A-Programming-course\\react\\React-now\\.1-Projects\\food-panda\\src\\Components\\Contact.js": {"path":"C:\\A-Programming-course\\react\\React-now\\.1-Projects\\food-panda\\src\\Components\\Contact.js","statementMap":{"0":{"start":{"line":16,"column":16},"end":{"line":29,"column":1}},"1":{"start":{"line":17,"column":2},"end":{"line":17,"column":39}},"2":{"start":{"line":18,"column":2},"end":{"line":28,"column":4}}},"fnMap":{"0":{"name":"(anonymous_0)","decl":{"start":{"line":16,"column":16},"end":{"line":16,"column":17}},"loc":{"start":{"line":16,"column":22},"end":{"line":29,"column":1}},"line":16}},"branchMap":{},"s":{"0":1,"1":3,"2":3},"f":{"0":3},"b":{},"_coverageSchema":"1a1c01bbd47fc00a2c39e90264f33305004495a9","hash":"9a6238ee37162d43a1627203cbc2269c8f43ec73"}
,"C:\\A-Programming-course\\react\\React-now\\.1-Projects\\food-panda\\src\\Components\\sum.js": {"path":"C:\\A-Programming-course\\react\\React-now\\.1-Projects\\food-panda\\src\\Components\\sum.js","statementMap":{"0":{"start":{"line":1,"column":19},"end":{"line":3,"column":1}},"1":{"start":{"line":2,"column":4},"end":{"line":2,"column":17}}},"fnMap":{"0":{"name":"(anonymous_0)","decl":{"start":{"line":1,"column":19},"end":{"line":1,"column":20}},"loc":{"start":{"line":1,"column":30},"end":{"line":3,"column":1}},"line":1}},"branchMap":{},"s":{"0":1,"1":1},"f":{"0":1},"b":{},"_coverageSchema":"1a1c01bbd47fc00a2c39e90264f33305004495a9","hash":"0caafa0aeda4a40f8ae489fe521becf70762549e"}
}
